<?xml version="1.0" encoding="UTF-8"?>
<!-- Generated by org.testng.reporters.JUnitXMLReporter -->
<testsuite ignored="3" hostname="NITBA" failures="0" tests="1" name="Default test" time="7.301" errors="0" timestamp="2023-04-26T12:31:40 EDT">
  <testcase classname="com.qa.actitime.testcases.LoginPageTest" name="testLoginFunction" time="2.39"/>
  <testcase classname="com.qa.actitime.testcases.LoginPageTest" name="testActiLinkDisplayed" time="0.0">
    <ignored/>
  </testcase> <!-- testActiLinkDisplayed -->
  <testcase classname="com.qa.actitime.testcases.LoginPageTest" name="testloginPageTitle" time="0.0">
    <ignored/>
  </testcase> <!-- testloginPageTitle -->
  <testcase classname="com.qa.actitime.testcases.LoginPageTest" name="testActiLogoDisplayed" time="0.0">
    <ignored/>
  </testcase> <!-- testActiLogoDisplayed -->
</testsuite> <!-- Default test -->
