<?xml version="1.0" encoding="UTF-8"?>
<testng-results ignored="3" total="4" passed="1" failed="0" skipped="0">
  <reporter-output>
  </reporter-output>
  <suite started-at="2023-04-26T12:31:33 EDT" name="Default suite" finished-at="2023-04-26T12:31:40 EDT" duration-ms="7301">
    <groups>
    </groups>
    <test started-at="2023-04-26T12:31:33 EDT" name="Default test" finished-at="2023-04-26T12:31:40 EDT" duration-ms="7301">
      <class name="com.qa.actitime.testcases.LoginPageTest">
        <test-method is-config="true" signature="preTest()[pri:0, instance:com.qa.actitime.testcases.LoginPageTest@4a883b15]" started-at="2023-04-26T12:31:33 EDT" name="preTest" finished-at="2023-04-26T12:31:37 EDT" duration-ms="4757" status="PASS">
          <reporter-output>
          </reporter-output>
        </test-method> <!-- preTest -->
        <test-method signature="testLoginFunction()[pri:0, instance:com.qa.actitime.testcases.LoginPageTest@4a883b15]" started-at="2023-04-26T12:31:37 EDT" name="testLoginFunction" finished-at="2023-04-26T12:31:40 EDT" duration-ms="2390" status="PASS">
          <reporter-output>
          </reporter-output>
        </test-method> <!-- testLoginFunction -->
        <test-method is-config="true" signature="tearDown()[pri:0, instance:com.qa.actitime.testcases.LoginPageTest@4a883b15]" started-at="2023-04-26T12:31:40 EDT" name="tearDown" finished-at="2023-04-26T12:31:40 EDT" duration-ms="106" status="PASS">
          <reporter-output>
          </reporter-output>
        </test-method> <!-- tearDown -->
      </class> <!-- com.qa.actitime.testcases.LoginPageTest -->
    </test> <!-- Default test -->
  </suite> <!-- Default suite -->
</testng-results>
